# JRE version: Java(TM) SE Runtime Environment (8.0_91-b15) (build 1.8.0_91-b15)
# Java VM: Java HotSpot(TM) 64-Bit Server VM (25.91-b15 mixed mode windows-amd64 compressed oops)
Heap:
 PSYoungGen      total 512000K, used 107527K [0x0000000760000000, 0x0000000786a80000, 0x00000007c0000000)
  eden space 463360K, 19% used [0x0000000760000000,0x00000007658ccc78,0x000000077c480000)
  from space 48640K, 34% used [0x000000077f480000,0x00000007804b5328,0x0000000782400000)
  to   space 49152K, 0% used [0x000000077c480000,0x000000077c480000,0x000000077f480000)
 ParOldGen       total 244736K, used 99686K [0x00000006a0000000, 0x00000006aef00000, 0x0000000760000000)
  object space 244736K, 40% used [0x00000006a0000000,0x00000006a6159850,0x00000006aef00000)
 Metaspace       used 102800K, capacity 108490K, committed 108864K, reserved 1144832K
  class space    used 12765K, capacity 14088K, committed 14184K, reserved 1048576K
GC Heap History (10 events):
Event: 5913.764 GC heap before
{Heap before GC invocations=60 (full 4):
 PSYoungGen      total 382464K, used 380153K [0x0000000760000000, 0x000000077df80000, 0x00000007c0000000)
  eden space 340992K, 100% used [0x0000000760000000,0x0000000774d00000,0x0000000774d00000)
  from space 41472K, 94% used [0x0000000774d00000,0x000000077733e608,0x0000000777580000)
  to   space 45568K, 0% used [0x000000077b300000,0x000000077b300000,0x000000077df80000)
 ParOldGen       total 244736K, used 90719K [0x00000006a0000000, 0x00000006aef00000, 0x0000000760000000)
  object space 244736K, 37% used [0x00000006a0000000,0x00000006a5897cb8,0x00000006aef00000)
 Metaspace       used 102651K, capacity 108324K, committed 108608K, reserved 1144832K
  class space    used 12748K, capacity 14055K, committed 14184K, reserved 1048576K
Event: 5913.822 GC heap after
Heap after GC invocations=60 (full 4):
 PSYoungGen      total 441856K, used 40361K [0x0000000760000000, 0x000000077e880000, 0x00000007c0000000)
  eden space 396288K, 0% used [0x0000000760000000,0x0000000760000000,0x0000000778300000)
  from space 45568K, 88% used [0x000000077b300000,0x000000077da6a798,0x000000077df80000)
  to   space 49152K, 0% used [0x0000000778300000,0x0000000778300000,0x000000077b300000)
 ParOldGen       total 244736K, used 91691K [0x00000006a0000000, 0x00000006aef00000, 0x0000000760000000)
  object space 244736K, 37% used [0x00000006a0000000,0x00000006a598ad78,0x00000006aef00000)
 Metaspace       used 102651K, capacity 108324K, committed 108608K, reserved 1144832K
  class space    used 12748K, capacity 14055K, committed 14184K, reserved 1048576K
}
Event: 5914.857 GC heap before
{Heap before GC invocations=61 (full 4):
 PSYoungGen      total 441856K, used 436649K [0x0000000760000000, 0x000000077e880000, 0x00000007c0000000)
  eden space 396288K, 100% used [0x0000000760000000,0x0000000778300000,0x0000000778300000)
  from space 45568K, 88% used [0x000000077b300000,0x000000077da6a798,0x000000077df80000)
  to   space 49152K, 0% used [0x0000000778300000,0x0000000778300000,0x000000077b300000)
 ParOldGen       total 244736K, used 91691K [0x00000006a0000000, 0x00000006aef00000, 0x0000000760000000)
  object space 244736K, 37% used [0x00000006a0000000,0x00000006a598ad78,0x00000006aef00000)
 Metaspace       used 102653K, capacity 108324K, committed 108608K, reserved 1144832K
  class space    used 12748K, capacity 14055K, committed 14184K, reserved 1048576K
Event: 5915.563 GC heap after
Heap after GC invocations=61 (full 4):
 PSYoungGen      total 445440K, used 34391K [0x0000000760000000, 0x0000000782480000, 0x00000007c0000000)
  eden space 396288K, 0% used [0x0000000760000000,0x0000000760000000,0x0000000778300000)
  from space 49152K, 69% used [0x0000000778300000,0x000000077a495ce0,0x000000077b300000)
  to   space 49152K, 0% used [0x000000077f480000,0x000000077f480000,0x0000000782480000)
 ParOldGen       total 244736K, used 92599K [0x00000006a0000000, 0x00000006aef00000, 0x0000000760000000)
  object space 244736K, 37% used [0x00000006a0000000,0x00000006a5a6ddb8,0x00000006aef00000)
 Metaspace       used 102653K, capacity 108324K, committed 108608K, reserved 1144832K
  class space    used 12748K, capacity 14055K, committed 14184K, reserved 1048576K
}
Event: 5916.488 GC heap before
{Heap before GC invocations=62 (full 4):
 PSYoungGen      total 445440K, used 430679K [0x0000000760000000, 0x0000000782480000, 0x00000007c0000000)
  eden space 396288K, 100% used [0x0000000760000000,0x0000000778300000,0x0000000778300000)
  from space 49152K, 69% used [0x0000000778300000,0x000000077a495ce0,0x000000077b300000)
  to   space 49152K, 0% used [0x000000077f480000,0x000000077f480000,0x0000000782480000)
 ParOldGen       total 244736K, used 92599K [0x00000006a0000000, 0x00000006aef00000, 0x0000000760000000)
  object space 244736K, 37% used [0x00000006a0000000,0x00000006a5a6ddb8,0x00000006aef00000)
 Metaspace       used 102672K, capacity 108390K, committed 108608K, reserved 1144832K
  class space    used 12749K, capacity 14056K, committed 14184K, reserved 1048576K
Event: 5916.574 GC heap after
Heap after GC invocations=62 (full 4):
 PSYoungGen      total 511488K, used 32870K [0x0000000760000000, 0x0000000782400000, 0x00000007c0000000)
  eden space 462848K, 0% used [0x0000000760000000,0x0000000760000000,0x000000077c400000)
  from space 48640K, 67% used [0x000000077f480000,0x0000000781499928,0x0000000782400000)
  to   space 49152K, 0% used [0x000000077c400000,0x000000077c400000,0x000000077f400000)
 ParOldGen       total 244736K, used 93007K [0x00000006a0000000, 0x00000006aef00000, 0x0000000760000000)
  object space 244736K, 38% used [0x00000006a0000000,0x00000006a5ad3de8,0x00000006aef00000)
 Metaspace       used 102672K, capacity 108390K, committed 108608K, reserved 1144832K
  class space    used 12749K, capacity 14056K, committed 14184K, reserved 1048576K
}
Event: 5917.883 GC heap before
{Heap before GC invocations=63 (full 4):
 PSYoungGen      total 511488K, used 495718K [0x0000000760000000, 0x0000000782400000, 0x00000007c0000000)
  eden space 462848K, 100% used [0x0000000760000000,0x000000077c400000,0x000000077c400000)
  from space 48640K, 67% used [0x000000077f480000,0x0000000781499928,0x0000000782400000)
  to   space 49152K, 0% used [0x000000077c400000,0x000000077c400000,0x000000077f400000)
 ParOldGen       total 244736K, used 93007K [0x00000006a0000000, 0x00000006aef00000, 0x0000000760000000)
  object space 244736K, 38% used [0x00000006a0000000,0x00000006a5ad3de8,0x00000006aef00000)
 Metaspace       used 102695K, capacity 108390K, committed 108608K, reserved 1144832K
  class space    used 12749K, capacity 14056K, committed 14184K, reserved 1048576K
Event: 5918.436 GC heap after
Heap after GC invocations=63 (full 4):
 PSYoungGen      total 512000K, used 13838K [0x0000000760000000, 0x0000000782400000, 0x00000007c0000000)
  eden space 462848K, 0% used [0x0000000760000000,0x0000000760000000,0x000000077c400000)
  from space 49152K, 28% used [0x000000077c400000,0x000000077d1839a8,0x000000077f400000)
  to   space 48640K, 0% used [0x000000077f480000,0x000000077f480000,0x0000000782400000)
 ParOldGen       total 244736K, used 93039K [0x00000006a0000000, 0x00000006aef00000, 0x0000000760000000)
  object space 244736K, 38% used [0x00000006a0000000,0x00000006a5adbde8,0x00000006aef00000)
 Metaspace       used 102695K, capacity 108390K, committed 108608K, reserved 1144832K
  class space    used 12749K, capacity 14056K, committed 14184K, reserved 1048576K
}
Event: 5919.398 GC heap before
{Heap before GC invocations=64 (full 4):
 PSYoungGen      total 512000K, used 476686K [0x0000000760000000, 0x0000000782400000, 0x00000007c0000000)
  eden space 462848K, 100% used [0x0000000760000000,0x000000077c400000,0x000000077c400000)
  from space 49152K, 28% used [0x000000077c400000,0x000000077d1839a8,0x000000077f400000)
  to   space 48640K, 0% used [0x000000077f480000,0x000000077f480000,0x0000000782400000)
 ParOldGen       total 244736K, used 93039K [0x00000006a0000000, 0x00000006aef00000, 0x0000000760000000)
  object space 244736K, 38% used [0x00000006a0000000,0x00000006a5adbde8,0x00000006aef00000)
 Metaspace       used 102797K, capacity 108490K, committed 108864K, reserved 1144832K
  class space    used 12765K, capacity 14088K, committed 14184K, reserved 1048576K
Event: 5919.423 GC heap after
Heap after GC invocations=64 (full 4):
 PSYoungGen      total 512000K, used 16596K [0x0000000760000000, 0x0000000786a80000, 0x00000007c0000000)
  eden space 463360K, 0% used [0x0000000760000000,0x0000000760000000,0x000000077c480000)
  from space 48640K, 34% used [0x000000077f480000,0x00000007804b5328,0x0000000782400000)
  to   space 49152K, 0% used [0x000000077c480000,0x000000077c480000,0x000000077f480000)
 ParOldGen       total 244736K, used 99686K [0x00000006a0000000, 0x00000006aef00000, 0x0000000760000000)
  object space 244736K, 40% used [0x00000006a0000000,0x00000006a6159850,0x00000006aef00000)
 Metaspace       used 102797K, capacity 108490K, committed 108864K, reserved 1144832K
  class space    used 12765K, capacity 14088K, committed 14184K, reserved 1048576K
}

