# JRE version: Java(TM) SE Runtime Environment (8.0_91-b15) (build 1.8.0_91-b15)
# Java VM: Java HotSpot(TM) 64-Bit Server VM (25.91-b15 mixed mode windows-amd64 compressed oops)
Heap:
 PSYoungGen      total 621568K, used 546116K [0x0000000760000000, 0x000000078b800000, 0x00000007c0000000)
  eden space 578560K, 89% used [0x0000000760000000,0x000000077f7bd298,0x0000000783500000)
  from space 43008K, 70% used [0x0000000783500000,0x0000000785293db8,0x0000000785f00000)
  to   space 44544K, 0% used [0x0000000788c80000,0x0000000788c80000,0x000000078b800000)
 ParOldGen       total 208896K, used 113550K [0x00000006a0000000, 0x00000006acc00000, 0x0000000760000000)
  object space 208896K, 54% used [0x00000006a0000000,0x00000006a6ee38b8,0x00000006acc00000)
 Metaspace       used 93706K, capacity 97602K, committed 98816K, reserved 1134592K
  class space    used 11800K, capacity 12663K, committed 13056K, reserved 1048576K
GC Heap History (10 events):
Event: 616.084 GC heap before
{Heap before GC invocations=62 (full 7):
 PSYoungGen      total 581120K, used 531968K [0x0000000760000000, 0x0000000789400000, 0x00000007c0000000)
  eden space 531968K, 100% used [0x0000000760000000,0x0000000780780000,0x0000000780780000)
  from space 49152K, 0% used [0x0000000783580000,0x0000000783580000,0x0000000786580000)
  to   space 47104K, 0% used [0x0000000780780000,0x0000000780780000,0x0000000783580000)
 ParOldGen       total 208896K, used 113508K [0x00000006a0000000, 0x00000006acc00000, 0x0000000760000000)
  object space 208896K, 54% used [0x00000006a0000000,0x00000006a6ed9060,0x00000006acc00000)
 Metaspace       used 93620K, capacity 97526K, committed 98816K, reserved 1134592K
  class space    used 11797K, capacity 12661K, committed 13056K, reserved 1048576K
Event: 616.110 GC heap after
Heap after GC invocations=62 (full 7):
 PSYoungGen      total 579072K, used 17265K [0x0000000760000000, 0x0000000788a80000, 0x00000007c0000000)
  eden space 531968K, 0% used [0x0000000760000000,0x0000000760000000,0x0000000780780000)
  from space 47104K, 36% used [0x0000000780780000,0x000000078185c740,0x0000000783580000)
  to   space 44544K, 0% used [0x0000000785f00000,0x0000000785f00000,0x0000000788a80000)
 ParOldGen       total 208896K, used 113516K [0x00000006a0000000, 0x00000006acc00000, 0x0000000760000000)
  object space 208896K, 54% used [0x00000006a0000000,0x00000006a6edb060,0x00000006acc00000)
 Metaspace       used 93620K, capacity 97526K, committed 98816K, reserved 1134592K
  class space    used 11797K, capacity 12661K, committed 13056K, reserved 1048576K
}
Event: 618.925 GC heap before
{Heap before GC invocations=63 (full 7):
 PSYoungGen      total 579072K, used 549233K [0x0000000760000000, 0x0000000788a80000, 0x00000007c0000000)
  eden space 531968K, 100% used [0x0000000760000000,0x0000000780780000,0x0000000780780000)
  from space 47104K, 36% used [0x0000000780780000,0x000000078185c740,0x0000000783580000)
  to   space 44544K, 0% used [0x0000000785f00000,0x0000000785f00000,0x0000000788a80000)
 ParOldGen       total 208896K, used 113524K [0x00000006a0000000, 0x00000006acc00000, 0x0000000760000000)
  object space 208896K, 54% used [0x00000006a0000000,0x00000006a6edd070,0x00000006acc00000)
 Metaspace       used 93646K, capacity 97526K, committed 98816K, reserved 1134592K
  class space    used 11797K, capacity 12661K, committed 13056K, reserved 1048576K
Event: 618.984 GC heap after
Heap after GC invocations=63 (full 7):
 PSYoungGen      total 621568K, used 25752K [0x0000000760000000, 0x0000000788d80000, 0x00000007c0000000)
  eden space 577024K, 0% used [0x0000000760000000,0x0000000760000000,0x0000000783380000)
  from space 44544K, 57% used [0x0000000785f00000,0x00000007878260d0,0x0000000788a80000)
  to   space 44544K, 0% used [0x0000000783380000,0x0000000783380000,0x0000000785f00000)
 ParOldGen       total 208896K, used 113532K [0x00000006a0000000, 0x00000006acc00000, 0x0000000760000000)
  object space 208896K, 54% used [0x00000006a0000000,0x00000006a6edf070,0x00000006acc00000)
 Metaspace       used 93646K, capacity 97526K, committed 98816K, reserved 1134592K
  class space    used 11797K, capacity 12661K, committed 13056K, reserved 1048576K
}
Event: 621.573 GC heap before
{Heap before GC invocations=64 (full 7):
 PSYoungGen      total 621568K, used 602776K [0x0000000760000000, 0x0000000788d80000, 0x00000007c0000000)
  eden space 577024K, 100% used [0x0000000760000000,0x0000000783380000,0x0000000783380000)
  from space 44544K, 57% used [0x0000000785f00000,0x00000007878260d0,0x0000000788a80000)
  to   space 44544K, 0% used [0x0000000783380000,0x0000000783380000,0x0000000785f00000)
 ParOldGen       total 208896K, used 113534K [0x00000006a0000000, 0x00000006acc00000, 0x0000000760000000)
  object space 208896K, 54% used [0x00000006a0000000,0x00000006a6edf8b8,0x00000006acc00000)
 Metaspace       used 93654K, capacity 97526K, committed 98816K, reserved 1134592K
  class space    used 11798K, capacity 12661K, committed 13056K, reserved 1048576K
Event: 623.592 GC heap after
Heap after GC invocations=64 (full 7):
 PSYoungGen      total 621568K, used 25814K [0x0000000760000000, 0x0000000788d80000, 0x00000007c0000000)
  eden space 577024K, 0% used [0x0000000760000000,0x0000000760000000,0x0000000783380000)
  from space 44544K, 57% used [0x0000000783380000,0x0000000784cb5900,0x0000000785f00000)
  to   space 44544K, 0% used [0x0000000785f00000,0x0000000785f00000,0x0000000788a80000)
 ParOldGen       total 208896K, used 113542K [0x00000006a0000000, 0x00000006acc00000, 0x0000000760000000)
  object space 208896K, 54% used [0x00000006a0000000,0x00000006a6ee18b8,0x00000006acc00000)
 Metaspace       used 93654K, capacity 97526K, committed 98816K, reserved 1134592K
  class space    used 11798K, capacity 12661K, committed 13056K, reserved 1048576K
}
Event: 626.072 GC heap before
{Heap before GC invocations=65 (full 7):
 PSYoungGen      total 621568K, used 602838K [0x0000000760000000, 0x0000000788d80000, 0x00000007c0000000)
  eden space 577024K, 100% used [0x0000000760000000,0x0000000783380000,0x0000000783380000)
  from space 44544K, 57% used [0x0000000783380000,0x0000000784cb5900,0x0000000785f00000)
  to   space 44544K, 0% used [0x0000000785f00000,0x0000000785f00000,0x0000000788a80000)
 ParOldGen       total 208896K, used 113542K [0x00000006a0000000, 0x00000006acc00000, 0x0000000760000000)
  object space 208896K, 54% used [0x00000006a0000000,0x00000006a6ee18b8,0x00000006acc00000)
 Metaspace       used 93681K, capacity 97528K, committed 98816K, reserved 1134592K
  class space    used 11799K, capacity 12662K, committed 13056K, reserved 1048576K
Event: 626.098 GC heap after
Heap after GC invocations=65 (full 7):
 PSYoungGen      total 623104K, used 21884K [0x0000000760000000, 0x000000078b080000, 0x00000007c0000000)
  eden space 578560K, 0% used [0x0000000760000000,0x0000000760000000,0x0000000783500000)
  from space 44544K, 49% used [0x0000000785f00000,0x000000078745f308,0x0000000788a80000)
  to   space 43008K, 0% used [0x0000000783500000,0x0000000783500000,0x0000000785f00000)
 ParOldGen       total 208896K, used 113550K [0x00000006a0000000, 0x00000006acc00000, 0x0000000760000000)
  object space 208896K, 54% used [0x00000006a0000000,0x00000006a6ee38b8,0x00000006acc00000)
 Metaspace       used 93681K, capacity 97528K, committed 98816K, reserved 1134592K
  class space    used 11799K, capacity 12662K, committed 13056K, reserved 1048576K
}
Event: 628.154 GC heap before
{Heap before GC invocations=66 (full 7):
 PSYoungGen      total 623104K, used 600444K [0x0000000760000000, 0x000000078b080000, 0x00000007c0000000)
  eden space 578560K, 100% used [0x0000000760000000,0x0000000783500000,0x0000000783500000)
  from space 44544K, 49% used [0x0000000785f00000,0x000000078745f308,0x0000000788a80000)
  to   space 43008K, 0% used [0x0000000783500000,0x0000000783500000,0x0000000785f00000)
 ParOldGen       total 208896K, used 113550K [0x00000006a0000000, 0x00000006acc00000, 0x0000000760000000)
  object space 208896K, 54% used [0x00000006a0000000,0x00000006a6ee38b8,0x00000006acc00000)
 Metaspace       used 93699K, capacity 97602K, committed 98816K, reserved 1134592K
  class space    used 11800K, capacity 12663K, committed 13056K, reserved 1048576K
Event: 628.190 GC heap after
Heap after GC invocations=66 (full 7):
 PSYoungGen      total 621568K, used 30287K [0x0000000760000000, 0x000000078b800000, 0x00000007c0000000)
  eden space 578560K, 0% used [0x0000000760000000,0x0000000760000000,0x0000000783500000)
  from space 43008K, 70% used [0x0000000783500000,0x0000000785293db8,0x0000000785f00000)
  to   space 44544K, 0% used [0x0000000788c80000,0x0000000788c80000,0x000000078b800000)
 ParOldGen       total 208896K, used 113550K [0x00000006a0000000, 0x00000006acc00000, 0x0000000760000000)
  object space 208896K, 54% used [0x00000006a0000000,0x00000006a6ee38b8,0x00000006acc00000)
 Metaspace       used 93699K, capacity 97602K, committed 98816K, reserved 1134592K
  class space    used 11800K, capacity 12663K, committed 13056K, reserved 1048576K
}

